<?xml version="1.0" encoding="UTF-8"?>
<!-- Generated by org.testng.reporters.JUnitReportReporter -->
<testsuite hostname="DESKTOP-8JRT1TR" failures="0" tests="1" name="FirstTestCase.SecondTestCase" time="5.113" errors="0" timestamp="2024-02-18T02:45:56 ICT" skipped="0">
  <testcase classname="FirstTestCase.SecondTestCase" name="OpenBrowser" time="5.113"/>
</testsuite> <!-- FirstTestCase.SecondTestCase -->
