<?xml version="1.0" encoding="UTF-8"?>
<!-- Generated by org.testng.reporters.JUnitReportReporter -->
<testsuite hostname="DESKTOP-8JRT1TR" failures="0" tests="1" name="DemoTestCases.EnterWebsite" time="3.259" errors="0" timestamp="2024-02-16T23:03:48 ICT" skipped="0">
  <testcase classname="DemoTestCases.EnterWebsite" name="NavigateToWebsite" time="3.259"/>
</testsuite> <!-- DemoTestCases.EnterWebsite -->
