<?xml version="1.0" encoding="UTF-8"?>
<!-- Generated by org.testng.reporters.JUnitReportReporter -->
<testsuite hostname="vietnam-4123" failures="0" tests="1" name="DemoTestCases.EnterWebsite" time="3.512" errors="0" timestamp="2024-02-19T13:43:38 ICT" skipped="0">
  <testcase classname="DemoTestCases.EnterWebsite" name="NavigateToWebsite" time="3.512"/>
</testsuite> <!-- DemoTestCases.EnterWebsite -->
