<?xml version="1.0" encoding="UTF-8"?>
<!-- Generated by org.testng.reporters.JUnitReportReporter -->
<testsuite hostname="DESKTOP-8JRT1TR" failures="0" tests="1" name="DemoTestCases.LoginAndGetProfileName" time="0.770" errors="0" timestamp="2024-02-18T05:07:50 ICT" skipped="0">
  <testcase classname="DemoTestCases.LoginAndGetProfileName" name="SignInTest" time="0.770"/>
</testsuite> <!-- DemoTestCases.LoginAndGetProfileName -->
