<?xml version="1.0" encoding="UTF-8"?>
<!-- Generated by org.testng.reporters.JUnitReportReporter -->
<testsuite hostname="DESKTOP-8JRT1TR" failures="0" tests="1" name="FirstTestCase.FirstTestCase" time="305.159" errors="0" timestamp="2024-02-25T22:49:01 ICT" skipped="0">
  <testcase classname="FirstTestCase.FirstTestCase" name="FirstCase" time="305.159"/>
</testsuite> <!-- FirstTestCase.FirstTestCase -->
