<?xml version="1.0" encoding="UTF-8"?>
<!-- Generated by org.testng.reporters.JUnitReportReporter -->
<testsuite hostname="DESKTOP-8JRT1TR" failures="0" tests="1" name="FirstTestCase.FirstTestCase" time="12.928" errors="0" timestamp="2024-02-16T19:43:38 ICT" skipped="0">
  <testcase classname="FirstTestCase.FirstTestCase" name="FirstCase" time="12.928"/>
</testsuite> <!-- FirstTestCase.FirstTestCase -->
