<?xml version="1.0" encoding="UTF-8"?>
<!-- Generated by org.testng.reporters.JUnitReportReporter -->
<testsuite hostname="vietnam-4123" failures="0" tests="1" name="DemoTestCases.SignInTest" time="0.706" errors="0" timestamp="2024-02-19T13:44:07 ICT" skipped="0">
  <testcase classname="DemoTestCases.SignInTest" name="SignInTest" time="0.706"/>
</testsuite> <!-- DemoTestCases.SignInTest -->
