<?xml version="1.0" encoding="UTF-8"?>
<!-- Generated by org.testng.reporters.JUnitReportReporter -->
<testsuite hostname="vietnam-4123" failures="0" tests="1" name="DemoTestCases.EnterWebsite" time="4.279" errors="0" timestamp="2024-02-20T10:25:10 ICT" skipped="0">
  <testcase classname="DemoTestCases.EnterWebsite" name="NavigateToWebsite" time="4.279"/>
</testsuite> <!-- DemoTestCases.EnterWebsite -->
