<?xml version="1.0" encoding="UTF-8"?>
<!-- Generated by org.testng.reporters.JUnitReportReporter -->
<testsuite hostname="vietnam-4123" failures="0" tests="1" name="DemoTestCases.LoginAndGetProfileName" time="6.280" errors="0" timestamp="2024-02-19T17:06:57 ICT" skipped="0">
  <testcase classname="DemoTestCases.LoginAndGetProfileName" name="GetToProfileName" time="6.280"/>
</testsuite> <!-- DemoTestCases.LoginAndGetProfileName -->
