<?xml version="1.0" encoding="UTF-8"?>
<!-- Generated by org.testng.reporters.JUnitReportReporter -->
<testsuite hostname="vietnam-4123" failures="0" tests="1" name="DemoTestCases.GetToAdminPage" time="5.461" errors="0" timestamp="2024-02-19T17:33:36 ICT" skipped="0">
  <testcase classname="DemoTestCases.GetToAdminPage" name="getToAdminPage" time="5.461"/>
</testsuite> <!-- DemoTestCases.GetToAdminPage -->
