<?xml version="1.0" encoding="UTF-8"?>
<!-- Generated by org.testng.reporters.JUnitReportReporter -->
<testsuite hostname="vietnam-4123" failures="0" tests="1" name="FirstTest.FirstTestCase" time="33.162" errors="0" timestamp="2024-01-30T16:37:25 ICT" skipped="0">
  <testcase classname="FirstTest.FirstTestCase" name="test" time="33.162"/>
</testsuite> <!-- FirstTest.FirstTestCase -->
